0 info it worked if it ends with ok
1 verbose cli [ 'D:\\install\\nodejs\\node.exe',
1 verbose cli   'D:\\install\\nodejs\\node_modules\\npm\\bin\\npm-cli.js',
1 verbose cli   'run',
1 verbose cli   'gulp' ]
2 info using npm@3.6.0
3 info using node@v5.7.1
4 verbose run-script [ 'pregulp', 'gulp', 'postgulp' ]
5 info lifecycle Git-presentation@2.6.1~pregulp: Git-presentation@2.6.1
6 silly lifecycle Git-presentation@2.6.1~pregulp: no script for pregulp, continuing
7 info lifecycle Git-presentation@2.6.1~gulp: Git-presentation@2.6.1
8 verbose lifecycle Git-presentation@2.6.1~gulp: unsafe-perm in lifecycle true
9 verbose lifecycle Git-presentation@2.6.1~gulp: PATH: D:\install\nodejs\node_modules\npm\bin\node-gyp-bin;D:\Users\mritukum\Desktop\seed\git-traning\node_modules\.bin;D:\install\nodejs\node_modules\npm\bin\node-gyp-bin;D:\Users\mritukum\Desktop\seed\git-traning\node_modules\.bin;C:\Users\mritukum\bin;D:\install\Git\mingw64\bin;D:\install\Git\usr\local\bin;D:\install\Git\usr\bin;D:\install\Git\usr\bin;D:\install\Git\mingw64\bin;D:\install\Git\usr\bin;C:\Users\mritukum\bin;C:\WINDOWS\system32;C:\WINDOWS;C:\WINDOWS\System32\Wbem;C:\WINDOWS\System32\WindowsPowerShell\v1.0;C:\Program Files (x86)\QuickTime\QTSystem;C:\Program Files\CapgeminiScripts\Support Tools;C:\Program Files (x86)\Common Files\Lenovo;D:\install\apache-maven-3.2.3\bin;D:\install\Java\jdk1.6.0\bin;D:\install\nodejs;C:\Users\mritukum\AppData\Roaming\npm;D:\install\Git\usr\bin\vendor_perl;D:\install\Git\usr\bin\core_perl
10 verbose lifecycle Git-presentation@2.6.1~gulp: CWD: D:\Users\mritukum\Desktop\seed\git-traning
11 silly lifecycle Git-presentation@2.6.1~gulp: Args: [ '/d /s /c', 'gulp' ]
12 silly lifecycle Git-presentation@2.6.1~gulp: Returned: code: 1  signal: null
13 info lifecycle Git-presentation@2.6.1~gulp: Failed to exec gulp script
14 verbose stack Error: Git-presentation@2.6.1 gulp: `gulp`
14 verbose stack Exit status 1
14 verbose stack     at EventEmitter.<anonymous> (D:\install\nodejs\node_modules\npm\lib\utils\lifecycle.js:232:16)
14 verbose stack     at emitTwo (events.js:100:13)
14 verbose stack     at EventEmitter.emit (events.js:185:7)
14 verbose stack     at ChildProcess.<anonymous> (D:\install\nodejs\node_modules\npm\lib\utils\spawn.js:24:14)
14 verbose stack     at emitTwo (events.js:100:13)
14 verbose stack     at ChildProcess.emit (events.js:185:7)
14 verbose stack     at maybeClose (internal/child_process.js:827:16)
14 verbose stack     at Process.ChildProcess._handle.onexit (internal/child_process.js:211:5)
15 verbose pkgid Git-presentation@2.6.1
16 verbose cwd D:\Users\mritukum\Desktop\seed\git-traning
17 error Windows_NT 6.1.7601
18 error argv "D:\\install\\nodejs\\node.exe" "D:\\install\\nodejs\\node_modules\\npm\\bin\\npm-cli.js" "run" "gulp"
19 error node v5.7.1
20 error npm  v3.6.0
21 error code ELIFECYCLE
22 error Git-presentation@2.6.1 gulp: `gulp`
22 error Exit status 1
23 error Failed at the Git-presentation@2.6.1 gulp script 'gulp'.
23 error Make sure you have the latest version of node.js and npm installed.
23 error If you do, this is most likely a problem with the Git-presentation package,
23 error not with npm itself.
23 error Tell the author that this fails on your system:
23 error     gulp
23 error You can get information on how to open an issue for this project with:
23 error     npm bugs Git-presentation
23 error Or if that isn't available, you can get their info via:
23 error     npm owner ls Git-presentation
23 error There is likely additional logging output above.
24 verbose exit [ 1, true ]
